ERROR - 2024-12-25 06:50:15 --> mysqli_sql_exception: Unknown column 'updated_at' in 'field list' in F:\XAMPP\htdocs\codeigniter4-novalnew\system\Database\MySQLi\Connection.php:312
Stack trace:
#0 F:\XAMPP\htdocs\codeigniter4-novalnew\system\Database\MySQLi\Connection.php(312): mysqli->query('INSERT INTO `de...', 0)
#1 F:\XAMPP\htdocs\codeigniter4-novalnew\system\Database\BaseConnection.php(734): CodeIgniter\Database\MySQLi\Connection->execute('INSERT INTO `de...')
#2 F:\XAMPP\htdocs\codeigniter4-novalnew\system\Database\BaseConnection.php(648): CodeIgniter\Database\BaseConnection->simpleQuery('INSERT INTO `de...')
#3 F:\XAMPP\htdocs\codeigniter4-novalnew\system\Database\BaseBuilder.php(2340): CodeIgniter\Database\BaseConnection->query('INSERT INTO `de...', Array, false)
#4 F:\XAMPP\htdocs\codeigniter4-novalnew\system\Model.php(394): CodeIgniter\Database\BaseBuilder->insert()
#5 F:\XAMPP\htdocs\codeigniter4-novalnew\system\BaseModel.php(840): CodeIgniter\Model->doInsert(Array)
#6 F:\XAMPP\htdocs\codeigniter4-novalnew\system\Model.php(802): CodeIgniter\BaseModel->insert(Array, true)
#7 F:\XAMPP\htdocs\codeigniter4-novalnew\app\Controllers\FormController.php(21): CodeIgniter\Model->insert(Array)
#8 F:\XAMPP\htdocs\codeigniter4-novalnew\system\CodeIgniter.php(933): App\Controllers\FormController->saveDewasa()
#9 F:\XAMPP\htdocs\codeigniter4-novalnew\system\CodeIgniter.php(509): CodeIgniter\CodeIgniter->runController(Object(App\Controllers\FormController))
#10 F:\XAMPP\htdocs\codeigniter4-novalnew\system\CodeIgniter.php(355): CodeIgniter\CodeIgniter->handleRequest(NULL, Object(Config\Cache), false)
#11 F:\XAMPP\htdocs\codeigniter4-novalnew\system\Boot.php(325): CodeIgniter\CodeIgniter->run()
#12 F:\XAMPP\htdocs\codeigniter4-novalnew\system\Boot.php(67): CodeIgniter\Boot::runCodeIgniter(Object(CodeIgniter\CodeIgniter))
#13 F:\XAMPP\htdocs\codeigniter4-novalnew\public\index.php(56): CodeIgniter\Boot::bootWeb(Object(Config\Paths))
#14 F:\XAMPP\htdocs\codeigniter4-novalnew\system\rewrite.php(44): require_once('F:\\XAMPP\\htdocs...')
#15 {main}
CRITICAL - 2024-12-25 06:50:16 --> CodeIgniter\Database\Exceptions\DatabaseException: Unknown column 'updated_at' in 'field list'
[Method: POST, Route: formulir/dewasa]
in SYSTEMPATH\Database\BaseConnection.php on line 688.
 1 SYSTEMPATH\Database\BaseBuilder.php(2340): CodeIgniter\Database\BaseConnection->query('INSERT INTO `dewasa` (`nama_lengkap`, `jenis_kelamin`, `jenis_pemohon_paspor`, `tempat_lahir`, `tanggal_lahir`, `nik`, `tempat_dikeluarkan_ktp`, `alamat`, `no_hp`, `nama_ibu`, `nama_ayah`, `tujuan_pengajuan`, `status_sipil`, `pekerjaan`, `created_at`, `updated_at`) VALUES (:nama_lengkap:, :jenis_kelamin:, :jenis_pemohon_paspor:, :tempat_lahir:, :tanggal_lahir:, :nik:, :tempat_dikeluarkan_ktp:, :alamat:, :no_hp:, :nama_ibu:, :nama_ayah:, :tujuan_pengajuan:, :status_sipil:, :pekerjaan:, :created_at:, :updated_at:)', [...], false)
 2 SYSTEMPATH\Model.php(394): CodeIgniter\Database\BaseBuilder->insert()
 3 SYSTEMPATH\BaseModel.php(840): CodeIgniter\Model->doInsert([...])
 4 SYSTEMPATH\Model.php(802): CodeIgniter\BaseModel->insert([...], true)
 5 APPPATH\Controllers\FormController.php(21): CodeIgniter\Model->insert([...])
 6 SYSTEMPATH\CodeIgniter.php(933): App\Controllers\FormController->saveDewasa()
 7 SYSTEMPATH\CodeIgniter.php(509): CodeIgniter\CodeIgniter->runController(Object(App\Controllers\FormController))
 8 SYSTEMPATH\CodeIgniter.php(355): CodeIgniter\CodeIgniter->handleRequest(null, Object(Config\Cache), false)
 9 SYSTEMPATH\Boot.php(325): CodeIgniter\CodeIgniter->run()
10 SYSTEMPATH\Boot.php(67): CodeIgniter\Boot::runCodeIgniter(Object(CodeIgniter\CodeIgniter))
11 FCPATH\index.php(56): CodeIgniter\Boot::bootWeb(Object(Config\Paths))
12 SYSTEMPATH\rewrite.php(44): require_once('F:\\XAMPP\\htdocs\\codeigniter4-novalnew\\public\\index.php')
CRITICAL - 2024-12-25 06:50:16 --> [Caused by] CodeIgniter\Database\Exceptions\DatabaseException: Unknown column 'updated_at' in 'field list'
in SYSTEMPATH\Database\MySQLi\Connection.php on line 317.
 1 SYSTEMPATH\Database\BaseConnection.php(734): CodeIgniter\Database\MySQLi\Connection->execute('INSERT INTO `dewasa` (`nama_lengkap`, `jenis_kelamin`, `jenis_pemohon_paspor`, `tempat_lahir`, `tanggal_lahir`, `nik`, `tempat_dikeluarkan_ktp`, `alamat`, `no_hp`, `nama_ibu`, `nama_ayah`, `tujuan_pengajuan`, `status_sipil`, `pekerjaan`, `created_at`, `updated_at`) VALUES (\'aa\', \'Laki-laki\', \'aa\', \'aaaa\', \'2024-12-07\', \'aa\', \'aa\', \'aa\', \'aa\', \'aa\', \'aa\', \'aa\', \'Cerai\', \'aa\', \'2024-12-25 06:50:15\', \'2024-12-25 06:50:15\')')
 2 SYSTEMPATH\Database\BaseConnection.php(648): CodeIgniter\Database\BaseConnection->simpleQuery('INSERT INTO `dewasa` (`nama_lengkap`, `jenis_kelamin`, `jenis_pemohon_paspor`, `tempat_lahir`, `tanggal_lahir`, `nik`, `tempat_dikeluarkan_ktp`, `alamat`, `no_hp`, `nama_ibu`, `nama_ayah`, `tujuan_pengajuan`, `status_sipil`, `pekerjaan`, `created_at`, `updated_at`) VALUES (\'aa\', \'Laki-laki\', \'aa\', \'aaaa\', \'2024-12-07\', \'aa\', \'aa\', \'aa\', \'aa\', \'aa\', \'aa\', \'aa\', \'Cerai\', \'aa\', \'2024-12-25 06:50:15\', \'2024-12-25 06:50:15\')')
 3 SYSTEMPATH\Database\BaseBuilder.php(2340): CodeIgniter\Database\BaseConnection->query('INSERT INTO `dewasa` (`nama_lengkap`, `jenis_kelamin`, `jenis_pemohon_paspor`, `tempat_lahir`, `tanggal_lahir`, `nik`, `tempat_dikeluarkan_ktp`, `alamat`, `no_hp`, `nama_ibu`, `nama_ayah`, `tujuan_pengajuan`, `status_sipil`, `pekerjaan`, `created_at`, `updated_at`) VALUES (:nama_lengkap:, :jenis_kelamin:, :jenis_pemohon_paspor:, :tempat_lahir:, :tanggal_lahir:, :nik:, :tempat_dikeluarkan_ktp:, :alamat:, :no_hp:, :nama_ibu:, :nama_ayah:, :tujuan_pengajuan:, :status_sipil:, :pekerjaan:, :created_at:, :updated_at:)', [...], false)
 4 SYSTEMPATH\Model.php(394): CodeIgniter\Database\BaseBuilder->insert()
 5 SYSTEMPATH\BaseModel.php(840): CodeIgniter\Model->doInsert([...])
 6 SYSTEMPATH\Model.php(802): CodeIgniter\BaseModel->insert([...], true)
 7 APPPATH\Controllers\FormController.php(21): CodeIgniter\Model->insert([...])
 8 SYSTEMPATH\CodeIgniter.php(933): App\Controllers\FormController->saveDewasa()
 9 SYSTEMPATH\CodeIgniter.php(509): CodeIgniter\CodeIgniter->runController(Object(App\Controllers\FormController))
10 SYSTEMPATH\CodeIgniter.php(355): CodeIgniter\CodeIgniter->handleRequest(null, Object(Config\Cache), false)
11 SYSTEMPATH\Boot.php(325): CodeIgniter\CodeIgniter->run()
12 SYSTEMPATH\Boot.php(67): CodeIgniter\Boot::runCodeIgniter(Object(CodeIgniter\CodeIgniter))
13 FCPATH\index.php(56): CodeIgniter\Boot::bootWeb(Object(Config\Paths))
14 SYSTEMPATH\rewrite.php(44): require_once('F:\\XAMPP\\htdocs\\codeigniter4-novalnew\\public\\index.php')
CRITICAL - 2024-12-25 06:50:16 --> [Caused by] mysqli_sql_exception: Unknown column 'updated_at' in 'field list'
in SYSTEMPATH\Database\MySQLi\Connection.php on line 312.
 1 SYSTEMPATH\Database\MySQLi\Connection.php(312): mysqli->query('INSERT INTO `dewasa` (`nama_lengkap`, `jenis_kelamin`, `jenis_pemohon_paspor`, `tempat_lahir`, `tanggal_lahir`, `nik`, `tempat_dikeluarkan_ktp`, `alamat`, `no_hp`, `nama_ibu`, `nama_ayah`, `tujuan_pengajuan`, `status_sipil`, `pekerjaan`, `created_at`, `updated_at`) VALUES (\'aa\', \'Laki-laki\', \'aa\', \'aaaa\', \'2024-12-07\', \'aa\', \'aa\', \'aa\', \'aa\', \'aa\', \'aa\', \'aa\', \'Cerai\', \'aa\', \'2024-12-25 06:50:15\', \'2024-12-25 06:50:15\')', 0)
 2 SYSTEMPATH\Database\BaseConnection.php(734): CodeIgniter\Database\MySQLi\Connection->execute('INSERT INTO `dewasa` (`nama_lengkap`, `jenis_kelamin`, `jenis_pemohon_paspor`, `tempat_lahir`, `tanggal_lahir`, `nik`, `tempat_dikeluarkan_ktp`, `alamat`, `no_hp`, `nama_ibu`, `nama_ayah`, `tujuan_pengajuan`, `status_sipil`, `pekerjaan`, `created_at`, `updated_at`) VALUES (\'aa\', \'Laki-laki\', \'aa\', \'aaaa\', \'2024-12-07\', \'aa\', \'aa\', \'aa\', \'aa\', \'aa\', \'aa\', \'aa\', \'Cerai\', \'aa\', \'2024-12-25 06:50:15\', \'2024-12-25 06:50:15\')')
 3 SYSTEMPATH\Database\BaseConnection.php(648): CodeIgniter\Database\BaseConnection->simpleQuery('INSERT INTO `dewasa` (`nama_lengkap`, `jenis_kelamin`, `jenis_pemohon_paspor`, `tempat_lahir`, `tanggal_lahir`, `nik`, `tempat_dikeluarkan_ktp`, `alamat`, `no_hp`, `nama_ibu`, `nama_ayah`, `tujuan_pengajuan`, `status_sipil`, `pekerjaan`, `created_at`, `updated_at`) VALUES (\'aa\', \'Laki-laki\', \'aa\', \'aaaa\', \'2024-12-07\', \'aa\', \'aa\', \'aa\', \'aa\', \'aa\', \'aa\', \'aa\', \'Cerai\', \'aa\', \'2024-12-25 06:50:15\', \'2024-12-25 06:50:15\')')
 4 SYSTEMPATH\Database\BaseBuilder.php(2340): CodeIgniter\Database\BaseConnection->query('INSERT INTO `dewasa` (`nama_lengkap`, `jenis_kelamin`, `jenis_pemohon_paspor`, `tempat_lahir`, `tanggal_lahir`, `nik`, `tempat_dikeluarkan_ktp`, `alamat`, `no_hp`, `nama_ibu`, `nama_ayah`, `tujuan_pengajuan`, `status_sipil`, `pekerjaan`, `created_at`, `updated_at`) VALUES (:nama_lengkap:, :jenis_kelamin:, :jenis_pemohon_paspor:, :tempat_lahir:, :tanggal_lahir:, :nik:, :tempat_dikeluarkan_ktp:, :alamat:, :no_hp:, :nama_ibu:, :nama_ayah:, :tujuan_pengajuan:, :status_sipil:, :pekerjaan:, :created_at:, :updated_at:)', [...], false)
 5 SYSTEMPATH\Model.php(394): CodeIgniter\Database\BaseBuilder->insert()
 6 SYSTEMPATH\BaseModel.php(840): CodeIgniter\Model->doInsert([...])
 7 SYSTEMPATH\Model.php(802): CodeIgniter\BaseModel->insert([...], true)
 8 APPPATH\Controllers\FormController.php(21): CodeIgniter\Model->insert([...])
 9 SYSTEMPATH\CodeIgniter.php(933): App\Controllers\FormController->saveDewasa()
10 SYSTEMPATH\CodeIgniter.php(509): CodeIgniter\CodeIgniter->runController(Object(App\Controllers\FormController))
11 SYSTEMPATH\CodeIgniter.php(355): CodeIgniter\CodeIgniter->handleRequest(null, Object(Config\Cache), false)
12 SYSTEMPATH\Boot.php(325): CodeIgniter\CodeIgniter->run()
13 SYSTEMPATH\Boot.php(67): CodeIgniter\Boot::runCodeIgniter(Object(CodeIgniter\CodeIgniter))
14 FCPATH\index.php(56): CodeIgniter\Boot::bootWeb(Object(Config\Paths))
15 SYSTEMPATH\rewrite.php(44): require_once('F:\\XAMPP\\htdocs\\codeigniter4-novalnew\\public\\index.php')
ERROR - 2024-12-25 06:53:17 --> mysqli_sql_exception: Unknown column 'updated_at' in 'field list' in F:\XAMPP\htdocs\codeigniter4-novalnew\system\Database\MySQLi\Connection.php:312
Stack trace:
#0 F:\XAMPP\htdocs\codeigniter4-novalnew\system\Database\MySQLi\Connection.php(312): mysqli->query('INSERT INTO `de...', 0)
#1 F:\XAMPP\htdocs\codeigniter4-novalnew\system\Database\BaseConnection.php(734): CodeIgniter\Database\MySQLi\Connection->execute('INSERT INTO `de...')
#2 F:\XAMPP\htdocs\codeigniter4-novalnew\system\Database\BaseConnection.php(648): CodeIgniter\Database\BaseConnection->simpleQuery('INSERT INTO `de...')
#3 F:\XAMPP\htdocs\codeigniter4-novalnew\system\Database\BaseBuilder.php(2340): CodeIgniter\Database\BaseConnection->query('INSERT INTO `de...', Array, false)
#4 F:\XAMPP\htdocs\codeigniter4-novalnew\system\Model.php(394): CodeIgniter\Database\BaseBuilder->insert()
#5 F:\XAMPP\htdocs\codeigniter4-novalnew\system\BaseModel.php(840): CodeIgniter\Model->doInsert(Array)
#6 F:\XAMPP\htdocs\codeigniter4-novalnew\system\Model.php(802): CodeIgniter\BaseModel->insert(Array, true)
#7 F:\XAMPP\htdocs\codeigniter4-novalnew\app\Controllers\FormController.php(21): CodeIgniter\Model->insert(Array)
#8 F:\XAMPP\htdocs\codeigniter4-novalnew\system\CodeIgniter.php(933): App\Controllers\FormController->saveDewasa()
#9 F:\XAMPP\htdocs\codeigniter4-novalnew\system\CodeIgniter.php(509): CodeIgniter\CodeIgniter->runController(Object(App\Controllers\FormController))
#10 F:\XAMPP\htdocs\codeigniter4-novalnew\system\CodeIgniter.php(355): CodeIgniter\CodeIgniter->handleRequest(NULL, Object(Config\Cache), false)
#11 F:\XAMPP\htdocs\codeigniter4-novalnew\system\Boot.php(325): CodeIgniter\CodeIgniter->run()
#12 F:\XAMPP\htdocs\codeigniter4-novalnew\system\Boot.php(67): CodeIgniter\Boot::runCodeIgniter(Object(CodeIgniter\CodeIgniter))
#13 F:\XAMPP\htdocs\codeigniter4-novalnew\public\index.php(56): CodeIgniter\Boot::bootWeb(Object(Config\Paths))
#14 F:\XAMPP\htdocs\codeigniter4-novalnew\system\rewrite.php(44): require_once('F:\\XAMPP\\htdocs...')
#15 {main}
CRITICAL - 2024-12-25 06:53:17 --> CodeIgniter\Database\Exceptions\DatabaseException: Unknown column 'updated_at' in 'field list'
[Method: POST, Route: formulir/dewasa]
in SYSTEMPATH\Database\BaseConnection.php on line 688.
 1 SYSTEMPATH\Database\BaseBuilder.php(2340): CodeIgniter\Database\BaseConnection->query('INSERT INTO `dewasa` (`nama_lengkap`, `jenis_kelamin`, `jenis_pemohon_paspor`, `tempat_lahir`, `tanggal_lahir`, `nik`, `tempat_dikeluarkan_ktp`, `alamat`, `no_hp`, `nama_ibu`, `nama_ayah`, `tujuan_pengajuan`, `status_sipil`, `pekerjaan`, `created_at`, `updated_at`) VALUES (:nama_lengkap:, :jenis_kelamin:, :jenis_pemohon_paspor:, :tempat_lahir:, :tanggal_lahir:, :nik:, :tempat_dikeluarkan_ktp:, :alamat:, :no_hp:, :nama_ibu:, :nama_ayah:, :tujuan_pengajuan:, :status_sipil:, :pekerjaan:, :created_at:, :updated_at:)', [...], false)
 2 SYSTEMPATH\Model.php(394): CodeIgniter\Database\BaseBuilder->insert()
 3 SYSTEMPATH\BaseModel.php(840): CodeIgniter\Model->doInsert([...])
 4 SYSTEMPATH\Model.php(802): CodeIgniter\BaseModel->insert([...], true)
 5 APPPATH\Controllers\FormController.php(21): CodeIgniter\Model->insert([...])
 6 SYSTEMPATH\CodeIgniter.php(933): App\Controllers\FormController->saveDewasa()
 7 SYSTEMPATH\CodeIgniter.php(509): CodeIgniter\CodeIgniter->runController(Object(App\Controllers\FormController))
 8 SYSTEMPATH\CodeIgniter.php(355): CodeIgniter\CodeIgniter->handleRequest(null, Object(Config\Cache), false)
 9 SYSTEMPATH\Boot.php(325): CodeIgniter\CodeIgniter->run()
10 SYSTEMPATH\Boot.php(67): CodeIgniter\Boot::runCodeIgniter(Object(CodeIgniter\CodeIgniter))
11 FCPATH\index.php(56): CodeIgniter\Boot::bootWeb(Object(Config\Paths))
12 SYSTEMPATH\rewrite.php(44): require_once('F:\\XAMPP\\htdocs\\codeigniter4-novalnew\\public\\index.php')
CRITICAL - 2024-12-25 06:53:17 --> [Caused by] CodeIgniter\Database\Exceptions\DatabaseException: Unknown column 'updated_at' in 'field list'
in SYSTEMPATH\Database\MySQLi\Connection.php on line 317.
 1 SYSTEMPATH\Database\BaseConnection.php(734): CodeIgniter\Database\MySQLi\Connection->execute('INSERT INTO `dewasa` (`nama_lengkap`, `jenis_kelamin`, `jenis_pemohon_paspor`, `tempat_lahir`, `tanggal_lahir`, `nik`, `tempat_dikeluarkan_ktp`, `alamat`, `no_hp`, `nama_ibu`, `nama_ayah`, `tujuan_pengajuan`, `status_sipil`, `pekerjaan`, `created_at`, `updated_at`) VALUES (\'aa\', \'Laki-laki\', \'aa\', \'aaaa\', \'2024-12-07\', \'aa\', \'aa\', \'aa\', \'aa\', \'aa\', \'aa\', \'aa\', \'Cerai\', \'aa\', \'2024-12-25 06:53:17\', \'2024-12-25 06:53:17\')')
 2 SYSTEMPATH\Database\BaseConnection.php(648): CodeIgniter\Database\BaseConnection->simpleQuery('INSERT INTO `dewasa` (`nama_lengkap`, `jenis_kelamin`, `jenis_pemohon_paspor`, `tempat_lahir`, `tanggal_lahir`, `nik`, `tempat_dikeluarkan_ktp`, `alamat`, `no_hp`, `nama_ibu`, `nama_ayah`, `tujuan_pengajuan`, `status_sipil`, `pekerjaan`, `created_at`, `updated_at`) VALUES (\'aa\', \'Laki-laki\', \'aa\', \'aaaa\', \'2024-12-07\', \'aa\', \'aa\', \'aa\', \'aa\', \'aa\', \'aa\', \'aa\', \'Cerai\', \'aa\', \'2024-12-25 06:53:17\', \'2024-12-25 06:53:17\')')
 3 SYSTEMPATH\Database\BaseBuilder.php(2340): CodeIgniter\Database\BaseConnection->query('INSERT INTO `dewasa` (`nama_lengkap`, `jenis_kelamin`, `jenis_pemohon_paspor`, `tempat_lahir`, `tanggal_lahir`, `nik`, `tempat_dikeluarkan_ktp`, `alamat`, `no_hp`, `nama_ibu`, `nama_ayah`, `tujuan_pengajuan`, `status_sipil`, `pekerjaan`, `created_at`, `updated_at`) VALUES (:nama_lengkap:, :jenis_kelamin:, :jenis_pemohon_paspor:, :tempat_lahir:, :tanggal_lahir:, :nik:, :tempat_dikeluarkan_ktp:, :alamat:, :no_hp:, :nama_ibu:, :nama_ayah:, :tujuan_pengajuan:, :status_sipil:, :pekerjaan:, :created_at:, :updated_at:)', [...], false)
 4 SYSTEMPATH\Model.php(394): CodeIgniter\Database\BaseBuilder->insert()
 5 SYSTEMPATH\BaseModel.php(840): CodeIgniter\Model->doInsert([...])
 6 SYSTEMPATH\Model.php(802): CodeIgniter\BaseModel->insert([...], true)
 7 APPPATH\Controllers\FormController.php(21): CodeIgniter\Model->insert([...])
 8 SYSTEMPATH\CodeIgniter.php(933): App\Controllers\FormController->saveDewasa()
 9 SYSTEMPATH\CodeIgniter.php(509): CodeIgniter\CodeIgniter->runController(Object(App\Controllers\FormController))
10 SYSTEMPATH\CodeIgniter.php(355): CodeIgniter\CodeIgniter->handleRequest(null, Object(Config\Cache), false)
11 SYSTEMPATH\Boot.php(325): CodeIgniter\CodeIgniter->run()
12 SYSTEMPATH\Boot.php(67): CodeIgniter\Boot::runCodeIgniter(Object(CodeIgniter\CodeIgniter))
13 FCPATH\index.php(56): CodeIgniter\Boot::bootWeb(Object(Config\Paths))
14 SYSTEMPATH\rewrite.php(44): require_once('F:\\XAMPP\\htdocs\\codeigniter4-novalnew\\public\\index.php')
CRITICAL - 2024-12-25 06:53:17 --> [Caused by] mysqli_sql_exception: Unknown column 'updated_at' in 'field list'
in SYSTEMPATH\Database\MySQLi\Connection.php on line 312.
 1 SYSTEMPATH\Database\MySQLi\Connection.php(312): mysqli->query('INSERT INTO `dewasa` (`nama_lengkap`, `jenis_kelamin`, `jenis_pemohon_paspor`, `tempat_lahir`, `tanggal_lahir`, `nik`, `tempat_dikeluarkan_ktp`, `alamat`, `no_hp`, `nama_ibu`, `nama_ayah`, `tujuan_pengajuan`, `status_sipil`, `pekerjaan`, `created_at`, `updated_at`) VALUES (\'aa\', \'Laki-laki\', \'aa\', \'aaaa\', \'2024-12-07\', \'aa\', \'aa\', \'aa\', \'aa\', \'aa\', \'aa\', \'aa\', \'Cerai\', \'aa\', \'2024-12-25 06:53:17\', \'2024-12-25 06:53:17\')', 0)
 2 SYSTEMPATH\Database\BaseConnection.php(734): CodeIgniter\Database\MySQLi\Connection->execute('INSERT INTO `dewasa` (`nama_lengkap`, `jenis_kelamin`, `jenis_pemohon_paspor`, `tempat_lahir`, `tanggal_lahir`, `nik`, `tempat_dikeluarkan_ktp`, `alamat`, `no_hp`, `nama_ibu`, `nama_ayah`, `tujuan_pengajuan`, `status_sipil`, `pekerjaan`, `created_at`, `updated_at`) VALUES (\'aa\', \'Laki-laki\', \'aa\', \'aaaa\', \'2024-12-07\', \'aa\', \'aa\', \'aa\', \'aa\', \'aa\', \'aa\', \'aa\', \'Cerai\', \'aa\', \'2024-12-25 06:53:17\', \'2024-12-25 06:53:17\')')
 3 SYSTEMPATH\Database\BaseConnection.php(648): CodeIgniter\Database\BaseConnection->simpleQuery('INSERT INTO `dewasa` (`nama_lengkap`, `jenis_kelamin`, `jenis_pemohon_paspor`, `tempat_lahir`, `tanggal_lahir`, `nik`, `tempat_dikeluarkan_ktp`, `alamat`, `no_hp`, `nama_ibu`, `nama_ayah`, `tujuan_pengajuan`, `status_sipil`, `pekerjaan`, `created_at`, `updated_at`) VALUES (\'aa\', \'Laki-laki\', \'aa\', \'aaaa\', \'2024-12-07\', \'aa\', \'aa\', \'aa\', \'aa\', \'aa\', \'aa\', \'aa\', \'Cerai\', \'aa\', \'2024-12-25 06:53:17\', \'2024-12-25 06:53:17\')')
 4 SYSTEMPATH\Database\BaseBuilder.php(2340): CodeIgniter\Database\BaseConnection->query('INSERT INTO `dewasa` (`nama_lengkap`, `jenis_kelamin`, `jenis_pemohon_paspor`, `tempat_lahir`, `tanggal_lahir`, `nik`, `tempat_dikeluarkan_ktp`, `alamat`, `no_hp`, `nama_ibu`, `nama_ayah`, `tujuan_pengajuan`, `status_sipil`, `pekerjaan`, `created_at`, `updated_at`) VALUES (:nama_lengkap:, :jenis_kelamin:, :jenis_pemohon_paspor:, :tempat_lahir:, :tanggal_lahir:, :nik:, :tempat_dikeluarkan_ktp:, :alamat:, :no_hp:, :nama_ibu:, :nama_ayah:, :tujuan_pengajuan:, :status_sipil:, :pekerjaan:, :created_at:, :updated_at:)', [...], false)
 5 SYSTEMPATH\Model.php(394): CodeIgniter\Database\BaseBuilder->insert()
 6 SYSTEMPATH\BaseModel.php(840): CodeIgniter\Model->doInsert([...])
 7 SYSTEMPATH\Model.php(802): CodeIgniter\BaseModel->insert([...], true)
 8 APPPATH\Controllers\FormController.php(21): CodeIgniter\Model->insert([...])
 9 SYSTEMPATH\CodeIgniter.php(933): App\Controllers\FormController->saveDewasa()
10 SYSTEMPATH\CodeIgniter.php(509): CodeIgniter\CodeIgniter->runController(Object(App\Controllers\FormController))
11 SYSTEMPATH\CodeIgniter.php(355): CodeIgniter\CodeIgniter->handleRequest(null, Object(Config\Cache), false)
12 SYSTEMPATH\Boot.php(325): CodeIgniter\CodeIgniter->run()
13 SYSTEMPATH\Boot.php(67): CodeIgniter\Boot::runCodeIgniter(Object(CodeIgniter\CodeIgniter))
14 FCPATH\index.php(56): CodeIgniter\Boot::bootWeb(Object(Config\Paths))
15 SYSTEMPATH\rewrite.php(44): require_once('F:\\XAMPP\\htdocs\\codeigniter4-novalnew\\public\\index.php')
ERROR - 2024-12-25 06:54:39 --> mysqli_sql_exception: Unknown column 'updated_at' in 'field list' in F:\XAMPP\htdocs\codeigniter4-novalnew\system\Database\MySQLi\Connection.php:312
Stack trace:
#0 F:\XAMPP\htdocs\codeigniter4-novalnew\system\Database\MySQLi\Connection.php(312): mysqli->query('INSERT INTO `an...', 0)
#1 F:\XAMPP\htdocs\codeigniter4-novalnew\system\Database\BaseConnection.php(734): CodeIgniter\Database\MySQLi\Connection->execute('INSERT INTO `an...')
#2 F:\XAMPP\htdocs\codeigniter4-novalnew\system\Database\BaseConnection.php(648): CodeIgniter\Database\BaseConnection->simpleQuery('INSERT INTO `an...')
#3 F:\XAMPP\htdocs\codeigniter4-novalnew\system\Database\BaseBuilder.php(2340): CodeIgniter\Database\BaseConnection->query('INSERT INTO `an...', Array, false)
#4 F:\XAMPP\htdocs\codeigniter4-novalnew\system\Model.php(394): CodeIgniter\Database\BaseBuilder->insert()
#5 F:\XAMPP\htdocs\codeigniter4-novalnew\system\BaseModel.php(840): CodeIgniter\Model->doInsert(Array)
#6 F:\XAMPP\htdocs\codeigniter4-novalnew\system\Model.php(802): CodeIgniter\BaseModel->insert(Array, true)
#7 F:\XAMPP\htdocs\codeigniter4-novalnew\app\Controllers\FormController.php(35): CodeIgniter\Model->insert(Array)
#8 F:\XAMPP\htdocs\codeigniter4-novalnew\system\CodeIgniter.php(933): App\Controllers\FormController->saveAnak()
#9 F:\XAMPP\htdocs\codeigniter4-novalnew\system\CodeIgniter.php(509): CodeIgniter\CodeIgniter->runController(Object(App\Controllers\FormController))
#10 F:\XAMPP\htdocs\codeigniter4-novalnew\system\CodeIgniter.php(355): CodeIgniter\CodeIgniter->handleRequest(NULL, Object(Config\Cache), false)
#11 F:\XAMPP\htdocs\codeigniter4-novalnew\system\Boot.php(325): CodeIgniter\CodeIgniter->run()
#12 F:\XAMPP\htdocs\codeigniter4-novalnew\system\Boot.php(67): CodeIgniter\Boot::runCodeIgniter(Object(CodeIgniter\CodeIgniter))
#13 F:\XAMPP\htdocs\codeigniter4-novalnew\public\index.php(56): CodeIgniter\Boot::bootWeb(Object(Config\Paths))
#14 F:\XAMPP\htdocs\codeigniter4-novalnew\system\rewrite.php(44): require_once('F:\\XAMPP\\htdocs...')
#15 {main}
CRITICAL - 2024-12-25 06:54:39 --> CodeIgniter\Database\Exceptions\DatabaseException: Unknown column 'updated_at' in 'field list'
[Method: POST, Route: formulir/anak]
in SYSTEMPATH\Database\BaseConnection.php on line 688.
 1 SYSTEMPATH\Database\BaseBuilder.php(2340): CodeIgniter\Database\BaseConnection->query('INSERT INTO `anak` (`nama_anak`, `jenis_kelamin_anak`, `jenis_permohonan_paspor`, `tempat_lahir_anak`, `tanggal_lahir_anak`, `nik_kia`, `tanggal_diberikan`, `berlaku_sampai`, `alamat_anak`, `alamat_sama_dengan_ortu`, `no_hp_ortu`, `nama_ibu`, `tempat_tanggal_lahir_ibu`, `no_ktp_ibu`, `tanggal_diberikan_ktp_ibu`, `nama_ayah`, `tempat_tanggal_lahir_ayah`, `no_ktp_ayah`, `tanggal_diberikan_ktp_ayah`, `pengajuan_paspor`, `negara_tujuan`, `pekerjaan`, `created_at`, `updated_at`) VALUES (:nama_anak:, :jenis_kelamin_anak:, :jenis_permohonan_paspor:, :tempat_lahir_anak:, :tanggal_lahir_anak:, :nik_kia:, :tanggal_diberikan:, :berlaku_sampai:, :alamat_anak:, :alamat_sama_dengan_ortu:, :no_hp_ortu:, :nama_ibu:, :tempat_tanggal_lahir_ibu:, :no_ktp_ibu:, :tanggal_diberikan_ktp_ibu:, :nama_ayah:, :tempat_tanggal_lahir_ayah:, :no_ktp_ayah:, :tanggal_diberikan_ktp_ayah:, :pengajuan_paspor:, :negara_tujuan:, :pekerjaan:, :created_at:, :updated_at:)', [...], false)
 2 SYSTEMPATH\Model.php(394): CodeIgniter\Database\BaseBuilder->insert()
 3 SYSTEMPATH\BaseModel.php(840): CodeIgniter\Model->doInsert([...])
 4 SYSTEMPATH\Model.php(802): CodeIgniter\BaseModel->insert([...], true)
 5 APPPATH\Controllers\FormController.php(35): CodeIgniter\Model->insert([...])
 6 SYSTEMPATH\CodeIgniter.php(933): App\Controllers\FormController->saveAnak()
 7 SYSTEMPATH\CodeIgniter.php(509): CodeIgniter\CodeIgniter->runController(Object(App\Controllers\FormController))
 8 SYSTEMPATH\CodeIgniter.php(355): CodeIgniter\CodeIgniter->handleRequest(null, Object(Config\Cache), false)
 9 SYSTEMPATH\Boot.php(325): CodeIgniter\CodeIgniter->run()
10 SYSTEMPATH\Boot.php(67): CodeIgniter\Boot::runCodeIgniter(Object(CodeIgniter\CodeIgniter))
11 FCPATH\index.php(56): CodeIgniter\Boot::bootWeb(Object(Config\Paths))
12 SYSTEMPATH\rewrite.php(44): require_once('F:\\XAMPP\\htdocs\\codeigniter4-novalnew\\public\\index.php')
CRITICAL - 2024-12-25 06:54:39 --> [Caused by] CodeIgniter\Database\Exceptions\DatabaseException: Unknown column 'updated_at' in 'field list'
in SYSTEMPATH\Database\MySQLi\Connection.php on line 317.
 1 SYSTEMPATH\Database\BaseConnection.php(734): CodeIgniter\Database\MySQLi\Connection->execute('INSERT INTO `anak` (`nama_anak`, `jenis_kelamin_anak`, `jenis_permohonan_paspor`, `tempat_lahir_anak`, `tanggal_lahir_anak`, `nik_kia`, `tanggal_diberikan`, `berlaku_sampai`, `alamat_anak`, `alamat_sama_dengan_ortu`, `no_hp_ortu`, `nama_ibu`, `tempat_tanggal_lahir_ibu`, `no_ktp_ibu`, `tanggal_diberikan_ktp_ibu`, `nama_ayah`, `tempat_tanggal_lahir_ayah`, `no_ktp_ayah`, `tanggal_diberikan_ktp_ayah`, `pengajuan_paspor`, `negara_tujuan`, `pekerjaan`, `created_at`, `updated_at`) VALUES (\'aa\', \'Laki-laki\', \'aa\', \'aa\', \'2024-12-13\', \'aa\', \'2024-12-26\', \'2024-12-24\', \'aa\', \'Ya\', \'aa\', \'aa\', \'aa\', \'aa\', \'2024-12-05\', \'aa\', \'aa\', \'aa\', \'2024-12-14\', \'aa\', \'aa\', \'aaa\', \'2024-12-25 06:54:39\', \'2024-12-25 06:54:39\')')
 2 SYSTEMPATH\Database\BaseConnection.php(648): CodeIgniter\Database\BaseConnection->simpleQuery('INSERT INTO `anak` (`nama_anak`, `jenis_kelamin_anak`, `jenis_permohonan_paspor`, `tempat_lahir_anak`, `tanggal_lahir_anak`, `nik_kia`, `tanggal_diberikan`, `berlaku_sampai`, `alamat_anak`, `alamat_sama_dengan_ortu`, `no_hp_ortu`, `nama_ibu`, `tempat_tanggal_lahir_ibu`, `no_ktp_ibu`, `tanggal_diberikan_ktp_ibu`, `nama_ayah`, `tempat_tanggal_lahir_ayah`, `no_ktp_ayah`, `tanggal_diberikan_ktp_ayah`, `pengajuan_paspor`, `negara_tujuan`, `pekerjaan`, `created_at`, `updated_at`) VALUES (\'aa\', \'Laki-laki\', \'aa\', \'aa\', \'2024-12-13\', \'aa\', \'2024-12-26\', \'2024-12-24\', \'aa\', \'Ya\', \'aa\', \'aa\', \'aa\', \'aa\', \'2024-12-05\', \'aa\', \'aa\', \'aa\', \'2024-12-14\', \'aa\', \'aa\', \'aaa\', \'2024-12-25 06:54:39\', \'2024-12-25 06:54:39\')')
 3 SYSTEMPATH\Database\BaseBuilder.php(2340): CodeIgniter\Database\BaseConnection->query('INSERT INTO `anak` (`nama_anak`, `jenis_kelamin_anak`, `jenis_permohonan_paspor`, `tempat_lahir_anak`, `tanggal_lahir_anak`, `nik_kia`, `tanggal_diberikan`, `berlaku_sampai`, `alamat_anak`, `alamat_sama_dengan_ortu`, `no_hp_ortu`, `nama_ibu`, `tempat_tanggal_lahir_ibu`, `no_ktp_ibu`, `tanggal_diberikan_ktp_ibu`, `nama_ayah`, `tempat_tanggal_lahir_ayah`, `no_ktp_ayah`, `tanggal_diberikan_ktp_ayah`, `pengajuan_paspor`, `negara_tujuan`, `pekerjaan`, `created_at`, `updated_at`) VALUES (:nama_anak:, :jenis_kelamin_anak:, :jenis_permohonan_paspor:, :tempat_lahir_anak:, :tanggal_lahir_anak:, :nik_kia:, :tanggal_diberikan:, :berlaku_sampai:, :alamat_anak:, :alamat_sama_dengan_ortu:, :no_hp_ortu:, :nama_ibu:, :tempat_tanggal_lahir_ibu:, :no_ktp_ibu:, :tanggal_diberikan_ktp_ibu:, :nama_ayah:, :tempat_tanggal_lahir_ayah:, :no_ktp_ayah:, :tanggal_diberikan_ktp_ayah:, :pengajuan_paspor:, :negara_tujuan:, :pekerjaan:, :created_at:, :updated_at:)', [...], false)
 4 SYSTEMPATH\Model.php(394): CodeIgniter\Database\BaseBuilder->insert()
 5 SYSTEMPATH\BaseModel.php(840): CodeIgniter\Model->doInsert([...])
 6 SYSTEMPATH\Model.php(802): CodeIgniter\BaseModel->insert([...], true)
 7 APPPATH\Controllers\FormController.php(35): CodeIgniter\Model->insert([...])
 8 SYSTEMPATH\CodeIgniter.php(933): App\Controllers\FormController->saveAnak()
 9 SYSTEMPATH\CodeIgniter.php(509): CodeIgniter\CodeIgniter->runController(Object(App\Controllers\FormController))
10 SYSTEMPATH\CodeIgniter.php(355): CodeIgniter\CodeIgniter->handleRequest(null, Object(Config\Cache), false)
11 SYSTEMPATH\Boot.php(325): CodeIgniter\CodeIgniter->run()
12 SYSTEMPATH\Boot.php(67): CodeIgniter\Boot::runCodeIgniter(Object(CodeIgniter\CodeIgniter))
13 FCPATH\index.php(56): CodeIgniter\Boot::bootWeb(Object(Config\Paths))
14 SYSTEMPATH\rewrite.php(44): require_once('F:\\XAMPP\\htdocs\\codeigniter4-novalnew\\public\\index.php')
CRITICAL - 2024-12-25 06:54:39 --> [Caused by] mysqli_sql_exception: Unknown column 'updated_at' in 'field list'
in SYSTEMPATH\Database\MySQLi\Connection.php on line 312.
 1 SYSTEMPATH\Database\MySQLi\Connection.php(312): mysqli->query('INSERT INTO `anak` (`nama_anak`, `jenis_kelamin_anak`, `jenis_permohonan_paspor`, `tempat_lahir_anak`, `tanggal_lahir_anak`, `nik_kia`, `tanggal_diberikan`, `berlaku_sampai`, `alamat_anak`, `alamat_sama_dengan_ortu`, `no_hp_ortu`, `nama_ibu`, `tempat_tanggal_lahir_ibu`, `no_ktp_ibu`, `tanggal_diberikan_ktp_ibu`, `nama_ayah`, `tempat_tanggal_lahir_ayah`, `no_ktp_ayah`, `tanggal_diberikan_ktp_ayah`, `pengajuan_paspor`, `negara_tujuan`, `pekerjaan`, `created_at`, `updated_at`) VALUES (\'aa\', \'Laki-laki\', \'aa\', \'aa\', \'2024-12-13\', \'aa\', \'2024-12-26\', \'2024-12-24\', \'aa\', \'Ya\', \'aa\', \'aa\', \'aa\', \'aa\', \'2024-12-05\', \'aa\', \'aa\', \'aa\', \'2024-12-14\', \'aa\', \'aa\', \'aaa\', \'2024-12-25 06:54:39\', \'2024-12-25 06:54:39\')', 0)
 2 SYSTEMPATH\Database\BaseConnection.php(734): CodeIgniter\Database\MySQLi\Connection->execute('INSERT INTO `anak` (`nama_anak`, `jenis_kelamin_anak`, `jenis_permohonan_paspor`, `tempat_lahir_anak`, `tanggal_lahir_anak`, `nik_kia`, `tanggal_diberikan`, `berlaku_sampai`, `alamat_anak`, `alamat_sama_dengan_ortu`, `no_hp_ortu`, `nama_ibu`, `tempat_tanggal_lahir_ibu`, `no_ktp_ibu`, `tanggal_diberikan_ktp_ibu`, `nama_ayah`, `tempat_tanggal_lahir_ayah`, `no_ktp_ayah`, `tanggal_diberikan_ktp_ayah`, `pengajuan_paspor`, `negara_tujuan`, `pekerjaan`, `created_at`, `updated_at`) VALUES (\'aa\', \'Laki-laki\', \'aa\', \'aa\', \'2024-12-13\', \'aa\', \'2024-12-26\', \'2024-12-24\', \'aa\', \'Ya\', \'aa\', \'aa\', \'aa\', \'aa\', \'2024-12-05\', \'aa\', \'aa\', \'aa\', \'2024-12-14\', \'aa\', \'aa\', \'aaa\', \'2024-12-25 06:54:39\', \'2024-12-25 06:54:39\')')
 3 SYSTEMPATH\Database\BaseConnection.php(648): CodeIgniter\Database\BaseConnection->simpleQuery('INSERT INTO `anak` (`nama_anak`, `jenis_kelamin_anak`, `jenis_permohonan_paspor`, `tempat_lahir_anak`, `tanggal_lahir_anak`, `nik_kia`, `tanggal_diberikan`, `berlaku_sampai`, `alamat_anak`, `alamat_sama_dengan_ortu`, `no_hp_ortu`, `nama_ibu`, `tempat_tanggal_lahir_ibu`, `no_ktp_ibu`, `tanggal_diberikan_ktp_ibu`, `nama_ayah`, `tempat_tanggal_lahir_ayah`, `no_ktp_ayah`, `tanggal_diberikan_ktp_ayah`, `pengajuan_paspor`, `negara_tujuan`, `pekerjaan`, `created_at`, `updated_at`) VALUES (\'aa\', \'Laki-laki\', \'aa\', \'aa\', \'2024-12-13\', \'aa\', \'2024-12-26\', \'2024-12-24\', \'aa\', \'Ya\', \'aa\', \'aa\', \'aa\', \'aa\', \'2024-12-05\', \'aa\', \'aa\', \'aa\', \'2024-12-14\', \'aa\', \'aa\', \'aaa\', \'2024-12-25 06:54:39\', \'2024-12-25 06:54:39\')')
 4 SYSTEMPATH\Database\BaseBuilder.php(2340): CodeIgniter\Database\BaseConnection->query('INSERT INTO `anak` (`nama_anak`, `jenis_kelamin_anak`, `jenis_permohonan_paspor`, `tempat_lahir_anak`, `tanggal_lahir_anak`, `nik_kia`, `tanggal_diberikan`, `berlaku_sampai`, `alamat_anak`, `alamat_sama_dengan_ortu`, `no_hp_ortu`, `nama_ibu`, `tempat_tanggal_lahir_ibu`, `no_ktp_ibu`, `tanggal_diberikan_ktp_ibu`, `nama_ayah`, `tempat_tanggal_lahir_ayah`, `no_ktp_ayah`, `tanggal_diberikan_ktp_ayah`, `pengajuan_paspor`, `negara_tujuan`, `pekerjaan`, `created_at`, `updated_at`) VALUES (:nama_anak:, :jenis_kelamin_anak:, :jenis_permohonan_paspor:, :tempat_lahir_anak:, :tanggal_lahir_anak:, :nik_kia:, :tanggal_diberikan:, :berlaku_sampai:, :alamat_anak:, :alamat_sama_dengan_ortu:, :no_hp_ortu:, :nama_ibu:, :tempat_tanggal_lahir_ibu:, :no_ktp_ibu:, :tanggal_diberikan_ktp_ibu:, :nama_ayah:, :tempat_tanggal_lahir_ayah:, :no_ktp_ayah:, :tanggal_diberikan_ktp_ayah:, :pengajuan_paspor:, :negara_tujuan:, :pekerjaan:, :created_at:, :updated_at:)', [...], false)
 5 SYSTEMPATH\Model.php(394): CodeIgniter\Database\BaseBuilder->insert()
 6 SYSTEMPATH\BaseModel.php(840): CodeIgniter\Model->doInsert([...])
 7 SYSTEMPATH\Model.php(802): CodeIgniter\BaseModel->insert([...], true)
 8 APPPATH\Controllers\FormController.php(35): CodeIgniter\Model->insert([...])
 9 SYSTEMPATH\CodeIgniter.php(933): App\Controllers\FormController->saveAnak()
10 SYSTEMPATH\CodeIgniter.php(509): CodeIgniter\CodeIgniter->runController(Object(App\Controllers\FormController))
11 SYSTEMPATH\CodeIgniter.php(355): CodeIgniter\CodeIgniter->handleRequest(null, Object(Config\Cache), false)
12 SYSTEMPATH\Boot.php(325): CodeIgniter\CodeIgniter->run()
13 SYSTEMPATH\Boot.php(67): CodeIgniter\Boot::runCodeIgniter(Object(CodeIgniter\CodeIgniter))
14 FCPATH\index.php(56): CodeIgniter\Boot::bootWeb(Object(Config\Paths))
15 SYSTEMPATH\rewrite.php(44): require_once('F:\\XAMPP\\htdocs\\codeigniter4-novalnew\\public\\index.php')
INFO - 2024-12-25 07:00:21 --> Session: Class initialized using 'CodeIgniter\Session\Handlers\FileHandler' driver.
INFO - 2024-12-25 07:05:13 --> Session: Class initialized using 'CodeIgniter\Session\Handlers\FileHandler' driver.
