CRITICAL - 2025-01-08 03:32:37 --> ParseError: syntax error, unexpected token "endforeach", expecting end of file
[Method: GET, Route: formulir/print_dewasa/37]
in APPPATH\Views\print_dewasa_auto.php on line 213.
 1 SYSTEMPATH\View\View.php(237): CodeIgniter\View\View->CodeIgniter\View\{closure}()
 2 SYSTEMPATH\Common.php(1171): CodeIgniter\View\View->render()
 3 APPPATH\Controllers\FormController.php(86): view()
 4 SYSTEMPATH\CodeIgniter.php(933): App\Controllers\FormController->printDewasaAuto()
 5 SYSTEMPATH\CodeIgniter.php(509): CodeIgniter\CodeIgniter->runController()
 6 SYSTEMPATH\CodeIgniter.php(355): CodeIgniter\CodeIgniter->handleRequest()
 7 SYSTEMPATH\Boot.php(325): CodeIgniter\CodeIgniter->run()
 8 SYSTEMPATH\Boot.php(67): CodeIgniter\Boot::runCodeIgniter()
 9 FCPATH\index.php(56): CodeIgniter\Boot::bootWeb()
10 SYSTEMPATH\rewrite.php(44): require_once('C:\\xampp\\htdocs\\codeigniter4-novalnew\\public\\index.php')
CRITICAL - 2025-01-08 06:20:51 --> Error: Undefined constant "h"
[Method: GET, Route: formulir/print_dewasa/39]
in APPPATH\Views\print_dewasa_auto.php on line 209.
 1 SYSTEMPATH\View\View.php(234): include()
 2 SYSTEMPATH\View\View.php(237): CodeIgniter\View\View->CodeIgniter\View\{closure}()
 3 SYSTEMPATH\Common.php(1171): CodeIgniter\View\View->render()
 4 APPPATH\Controllers\FormController.php(86): view()
 5 SYSTEMPATH\CodeIgniter.php(933): App\Controllers\FormController->printDewasaAuto()
 6 SYSTEMPATH\CodeIgniter.php(509): CodeIgniter\CodeIgniter->runController()
 7 SYSTEMPATH\CodeIgniter.php(355): CodeIgniter\CodeIgniter->handleRequest()
 8 SYSTEMPATH\Boot.php(325): CodeIgniter\CodeIgniter->run()
 9 SYSTEMPATH\Boot.php(67): CodeIgniter\Boot::runCodeIgniter()
10 FCPATH\index.php(56): CodeIgniter\Boot::bootWeb()
11 SYSTEMPATH\rewrite.php(44): require_once('C:\\xampp\\htdocs\\codeigniter4-novalnew\\public\\index.php')
ERROR - 2025-01-08 08:27:42 --> mysqli_sql_exception: Unknown column 'berlaku_sampai_ktp_ibu' in 'field list' in C:\xampp\htdocs\codeigniter4-novalnew\system\Database\MySQLi\Connection.php:312
Stack trace:
#0 C:\xampp\htdocs\codeigniter4-novalnew\system\Database\MySQLi\Connection.php(312): mysqli->query()
#1 C:\xampp\htdocs\codeigniter4-novalnew\system\Database\BaseConnection.php(734): CodeIgniter\Database\MySQLi\Connection->execute()
#2 C:\xampp\htdocs\codeigniter4-novalnew\system\Database\BaseConnection.php(648): CodeIgniter\Database\BaseConnection->simpleQuery()
#3 C:\xampp\htdocs\codeigniter4-novalnew\system\Database\BaseBuilder.php(2340): CodeIgniter\Database\BaseConnection->query()
#4 C:\xampp\htdocs\codeigniter4-novalnew\system\Model.php(394): CodeIgniter\Database\BaseBuilder->insert()
#5 C:\xampp\htdocs\codeigniter4-novalnew\system\BaseModel.php(840): CodeIgniter\Model->doInsert()
#6 C:\xampp\htdocs\codeigniter4-novalnew\system\Model.php(802): CodeIgniter\BaseModel->insert()
#7 C:\xampp\htdocs\codeigniter4-novalnew\app\Controllers\FormController.php(86): CodeIgniter\Model->insert()
#8 C:\xampp\htdocs\codeigniter4-novalnew\system\CodeIgniter.php(933): App\Controllers\FormController->saveAnak()
#9 C:\xampp\htdocs\codeigniter4-novalnew\system\CodeIgniter.php(509): CodeIgniter\CodeIgniter->runController()
#10 C:\xampp\htdocs\codeigniter4-novalnew\system\CodeIgniter.php(355): CodeIgniter\CodeIgniter->handleRequest()
#11 C:\xampp\htdocs\codeigniter4-novalnew\system\Boot.php(325): CodeIgniter\CodeIgniter->run()
#12 C:\xampp\htdocs\codeigniter4-novalnew\system\Boot.php(67): CodeIgniter\Boot::runCodeIgniter()
#13 C:\xampp\htdocs\codeigniter4-novalnew\public\index.php(56): CodeIgniter\Boot::bootWeb()
#14 C:\xampp\htdocs\codeigniter4-novalnew\system\rewrite.php(44): require_once('...')
#15 {main}
CRITICAL - 2025-01-08 08:27:42 --> CodeIgniter\Database\Exceptions\DatabaseException: Unknown column 'berlaku_sampai_ktp_ibu' in 'field list'
[Method: POST, Route: formulir/anak]
in SYSTEMPATH\Database\BaseConnection.php on line 688.
 1 SYSTEMPATH\Database\BaseBuilder.php(2340): CodeIgniter\Database\BaseConnection->query()
 2 SYSTEMPATH\Model.php(394): CodeIgniter\Database\BaseBuilder->insert()
 3 SYSTEMPATH\BaseModel.php(840): CodeIgniter\Model->doInsert()
 4 SYSTEMPATH\Model.php(802): CodeIgniter\BaseModel->insert()
 5 APPPATH\Controllers\FormController.php(86): CodeIgniter\Model->insert()
 6 SYSTEMPATH\CodeIgniter.php(933): App\Controllers\FormController->saveAnak()
 7 SYSTEMPATH\CodeIgniter.php(509): CodeIgniter\CodeIgniter->runController()
 8 SYSTEMPATH\CodeIgniter.php(355): CodeIgniter\CodeIgniter->handleRequest()
 9 SYSTEMPATH\Boot.php(325): CodeIgniter\CodeIgniter->run()
10 SYSTEMPATH\Boot.php(67): CodeIgniter\Boot::runCodeIgniter()
11 FCPATH\index.php(56): CodeIgniter\Boot::bootWeb()
12 SYSTEMPATH\rewrite.php(44): require_once('C:\\xampp\\htdocs\\codeigniter4-novalnew\\public\\index.php')
CRITICAL - 2025-01-08 08:27:42 --> [Caused by] CodeIgniter\Database\Exceptions\DatabaseException: Unknown column 'berlaku_sampai_ktp_ibu' in 'field list'
in SYSTEMPATH\Database\MySQLi\Connection.php on line 317.
 1 SYSTEMPATH\Database\BaseConnection.php(734): CodeIgniter\Database\MySQLi\Connection->execute()
 2 SYSTEMPATH\Database\BaseConnection.php(648): CodeIgniter\Database\BaseConnection->simpleQuery()
 3 SYSTEMPATH\Database\BaseBuilder.php(2340): CodeIgniter\Database\BaseConnection->query()
 4 SYSTEMPATH\Model.php(394): CodeIgniter\Database\BaseBuilder->insert()
 5 SYSTEMPATH\BaseModel.php(840): CodeIgniter\Model->doInsert()
 6 SYSTEMPATH\Model.php(802): CodeIgniter\BaseModel->insert()
 7 APPPATH\Controllers\FormController.php(86): CodeIgniter\Model->insert()
 8 SYSTEMPATH\CodeIgniter.php(933): App\Controllers\FormController->saveAnak()
 9 SYSTEMPATH\CodeIgniter.php(509): CodeIgniter\CodeIgniter->runController()
10 SYSTEMPATH\CodeIgniter.php(355): CodeIgniter\CodeIgniter->handleRequest()
11 SYSTEMPATH\Boot.php(325): CodeIgniter\CodeIgniter->run()
12 SYSTEMPATH\Boot.php(67): CodeIgniter\Boot::runCodeIgniter()
13 FCPATH\index.php(56): CodeIgniter\Boot::bootWeb()
14 SYSTEMPATH\rewrite.php(44): require_once('C:\\xampp\\htdocs\\codeigniter4-novalnew\\public\\index.php')
CRITICAL - 2025-01-08 08:27:42 --> [Caused by] mysqli_sql_exception: Unknown column 'berlaku_sampai_ktp_ibu' in 'field list'
in SYSTEMPATH\Database\MySQLi\Connection.php on line 312.
 1 SYSTEMPATH\Database\MySQLi\Connection.php(312): mysqli->query()
 2 SYSTEMPATH\Database\BaseConnection.php(734): CodeIgniter\Database\MySQLi\Connection->execute()
 3 SYSTEMPATH\Database\BaseConnection.php(648): CodeIgniter\Database\BaseConnection->simpleQuery()
 4 SYSTEMPATH\Database\BaseBuilder.php(2340): CodeIgniter\Database\BaseConnection->query()
 5 SYSTEMPATH\Model.php(394): CodeIgniter\Database\BaseBuilder->insert()
 6 SYSTEMPATH\BaseModel.php(840): CodeIgniter\Model->doInsert()
 7 SYSTEMPATH\Model.php(802): CodeIgniter\BaseModel->insert()
 8 APPPATH\Controllers\FormController.php(86): CodeIgniter\Model->insert()
 9 SYSTEMPATH\CodeIgniter.php(933): App\Controllers\FormController->saveAnak()
10 SYSTEMPATH\CodeIgniter.php(509): CodeIgniter\CodeIgniter->runController()
11 SYSTEMPATH\CodeIgniter.php(355): CodeIgniter\CodeIgniter->handleRequest()
12 SYSTEMPATH\Boot.php(325): CodeIgniter\CodeIgniter->run()
13 SYSTEMPATH\Boot.php(67): CodeIgniter\Boot::runCodeIgniter()
14 FCPATH\index.php(56): CodeIgniter\Boot::bootWeb()
15 SYSTEMPATH\rewrite.php(44): require_once('C:\\xampp\\htdocs\\codeigniter4-novalnew\\public\\index.php')
ERROR - 2025-01-08 08:54:32 --> mysqli_sql_exception: Unknown column 'no_paspor_ayah' in 'field list' in C:\xampp\htdocs\codeigniter4-novalnew\system\Database\MySQLi\Connection.php:312
Stack trace:
#0 C:\xampp\htdocs\codeigniter4-novalnew\system\Database\MySQLi\Connection.php(312): mysqli->query()
#1 C:\xampp\htdocs\codeigniter4-novalnew\system\Database\BaseConnection.php(734): CodeIgniter\Database\MySQLi\Connection->execute()
#2 C:\xampp\htdocs\codeigniter4-novalnew\system\Database\BaseConnection.php(648): CodeIgniter\Database\BaseConnection->simpleQuery()
#3 C:\xampp\htdocs\codeigniter4-novalnew\system\Database\BaseBuilder.php(2340): CodeIgniter\Database\BaseConnection->query()
#4 C:\xampp\htdocs\codeigniter4-novalnew\system\Model.php(394): CodeIgniter\Database\BaseBuilder->insert()
#5 C:\xampp\htdocs\codeigniter4-novalnew\system\BaseModel.php(840): CodeIgniter\Model->doInsert()
#6 C:\xampp\htdocs\codeigniter4-novalnew\system\Model.php(802): CodeIgniter\BaseModel->insert()
#7 C:\xampp\htdocs\codeigniter4-novalnew\app\Controllers\FormController.php(98): CodeIgniter\Model->insert()
#8 C:\xampp\htdocs\codeigniter4-novalnew\system\CodeIgniter.php(933): App\Controllers\FormController->saveAnak()
#9 C:\xampp\htdocs\codeigniter4-novalnew\system\CodeIgniter.php(509): CodeIgniter\CodeIgniter->runController()
#10 C:\xampp\htdocs\codeigniter4-novalnew\system\CodeIgniter.php(355): CodeIgniter\CodeIgniter->handleRequest()
#11 C:\xampp\htdocs\codeigniter4-novalnew\system\Boot.php(325): CodeIgniter\CodeIgniter->run()
#12 C:\xampp\htdocs\codeigniter4-novalnew\system\Boot.php(67): CodeIgniter\Boot::runCodeIgniter()
#13 C:\xampp\htdocs\codeigniter4-novalnew\public\index.php(56): CodeIgniter\Boot::bootWeb()
#14 C:\xampp\htdocs\codeigniter4-novalnew\system\rewrite.php(44): require_once('...')
#15 {main}
CRITICAL - 2025-01-08 08:54:32 --> CodeIgniter\Database\Exceptions\DatabaseException: Unknown column 'no_paspor_ayah' in 'field list'
[Method: POST, Route: formulir/anak]
in SYSTEMPATH\Database\BaseConnection.php on line 688.
 1 SYSTEMPATH\Database\BaseBuilder.php(2340): CodeIgniter\Database\BaseConnection->query()
 2 SYSTEMPATH\Model.php(394): CodeIgniter\Database\BaseBuilder->insert()
 3 SYSTEMPATH\BaseModel.php(840): CodeIgniter\Model->doInsert()
 4 SYSTEMPATH\Model.php(802): CodeIgniter\BaseModel->insert()
 5 APPPATH\Controllers\FormController.php(98): CodeIgniter\Model->insert()
 6 SYSTEMPATH\CodeIgniter.php(933): App\Controllers\FormController->saveAnak()
 7 SYSTEMPATH\CodeIgniter.php(509): CodeIgniter\CodeIgniter->runController()
 8 SYSTEMPATH\CodeIgniter.php(355): CodeIgniter\CodeIgniter->handleRequest()
 9 SYSTEMPATH\Boot.php(325): CodeIgniter\CodeIgniter->run()
10 SYSTEMPATH\Boot.php(67): CodeIgniter\Boot::runCodeIgniter()
11 FCPATH\index.php(56): CodeIgniter\Boot::bootWeb()
12 SYSTEMPATH\rewrite.php(44): require_once('C:\\xampp\\htdocs\\codeigniter4-novalnew\\public\\index.php')
CRITICAL - 2025-01-08 08:54:32 --> [Caused by] CodeIgniter\Database\Exceptions\DatabaseException: Unknown column 'no_paspor_ayah' in 'field list'
in SYSTEMPATH\Database\MySQLi\Connection.php on line 317.
 1 SYSTEMPATH\Database\BaseConnection.php(734): CodeIgniter\Database\MySQLi\Connection->execute()
 2 SYSTEMPATH\Database\BaseConnection.php(648): CodeIgniter\Database\BaseConnection->simpleQuery()
 3 SYSTEMPATH\Database\BaseBuilder.php(2340): CodeIgniter\Database\BaseConnection->query()
 4 SYSTEMPATH\Model.php(394): CodeIgniter\Database\BaseBuilder->insert()
 5 SYSTEMPATH\BaseModel.php(840): CodeIgniter\Model->doInsert()
 6 SYSTEMPATH\Model.php(802): CodeIgniter\BaseModel->insert()
 7 APPPATH\Controllers\FormController.php(98): CodeIgniter\Model->insert()
 8 SYSTEMPATH\CodeIgniter.php(933): App\Controllers\FormController->saveAnak()
 9 SYSTEMPATH\CodeIgniter.php(509): CodeIgniter\CodeIgniter->runController()
10 SYSTEMPATH\CodeIgniter.php(355): CodeIgniter\CodeIgniter->handleRequest()
11 SYSTEMPATH\Boot.php(325): CodeIgniter\CodeIgniter->run()
12 SYSTEMPATH\Boot.php(67): CodeIgniter\Boot::runCodeIgniter()
13 FCPATH\index.php(56): CodeIgniter\Boot::bootWeb()
14 SYSTEMPATH\rewrite.php(44): require_once('C:\\xampp\\htdocs\\codeigniter4-novalnew\\public\\index.php')
CRITICAL - 2025-01-08 08:54:32 --> [Caused by] mysqli_sql_exception: Unknown column 'no_paspor_ayah' in 'field list'
in SYSTEMPATH\Database\MySQLi\Connection.php on line 312.
 1 SYSTEMPATH\Database\MySQLi\Connection.php(312): mysqli->query()
 2 SYSTEMPATH\Database\BaseConnection.php(734): CodeIgniter\Database\MySQLi\Connection->execute()
 3 SYSTEMPATH\Database\BaseConnection.php(648): CodeIgniter\Database\BaseConnection->simpleQuery()
 4 SYSTEMPATH\Database\BaseBuilder.php(2340): CodeIgniter\Database\BaseConnection->query()
 5 SYSTEMPATH\Model.php(394): CodeIgniter\Database\BaseBuilder->insert()
 6 SYSTEMPATH\BaseModel.php(840): CodeIgniter\Model->doInsert()
 7 SYSTEMPATH\Model.php(802): CodeIgniter\BaseModel->insert()
 8 APPPATH\Controllers\FormController.php(98): CodeIgniter\Model->insert()
 9 SYSTEMPATH\CodeIgniter.php(933): App\Controllers\FormController->saveAnak()
10 SYSTEMPATH\CodeIgniter.php(509): CodeIgniter\CodeIgniter->runController()
11 SYSTEMPATH\CodeIgniter.php(355): CodeIgniter\CodeIgniter->handleRequest()
12 SYSTEMPATH\Boot.php(325): CodeIgniter\CodeIgniter->run()
13 SYSTEMPATH\Boot.php(67): CodeIgniter\Boot::runCodeIgniter()
14 FCPATH\index.php(56): CodeIgniter\Boot::bootWeb()
15 SYSTEMPATH\rewrite.php(44): require_once('C:\\xampp\\htdocs\\codeigniter4-novalnew\\public\\index.php')
CRITICAL - 2025-01-08 08:56:56 --> ErrorException: Undefined variable $alamat_sama_dengan_ortu
[Method: POST, Route: formulir/anak]
in APPPATH\Views\print_anak.php on line 138.
 1 APPPATH\Views\print_anak.php(138): CodeIgniter\Debug\Exceptions->errorHandler()
 2 SYSTEMPATH\View\View.php(234): include('C:\\xampp\\htdocs\\codeigniter4-novalnew\\app\\Views\\print_anak.php')
 3 SYSTEMPATH\View\View.php(237): CodeIgniter\View\View->CodeIgniter\View\{closure}()
 4 SYSTEMPATH\Common.php(1171): CodeIgniter\View\View->render()
 5 APPPATH\Controllers\FormController.php(100): view()
 6 SYSTEMPATH\CodeIgniter.php(933): App\Controllers\FormController->saveAnak()
 7 SYSTEMPATH\CodeIgniter.php(509): CodeIgniter\CodeIgniter->runController()
 8 SYSTEMPATH\CodeIgniter.php(355): CodeIgniter\CodeIgniter->handleRequest()
 9 SYSTEMPATH\Boot.php(325): CodeIgniter\CodeIgniter->run()
10 SYSTEMPATH\Boot.php(67): CodeIgniter\Boot::runCodeIgniter()
11 FCPATH\index.php(56): CodeIgniter\Boot::bootWeb()
12 SYSTEMPATH\rewrite.php(44): require_once('C:\\xampp\\htdocs\\codeigniter4-novalnew\\public\\index.php')
CRITICAL - 2025-01-08 08:59:37 --> ErrorException: Undefined variable $alamat_sama_dengan_ortu
[Method: POST, Route: formulir/anak]
in APPPATH\Views\print_anak.php on line 132.
 1 APPPATH\Views\print_anak.php(132): CodeIgniter\Debug\Exceptions->errorHandler()
 2 SYSTEMPATH\View\View.php(234): include('C:\\xampp\\htdocs\\codeigniter4-novalnew\\app\\Views\\print_anak.php')
 3 SYSTEMPATH\View\View.php(237): CodeIgniter\View\View->CodeIgniter\View\{closure}()
 4 SYSTEMPATH\Common.php(1171): CodeIgniter\View\View->render()
 5 APPPATH\Controllers\FormController.php(100): view()
 6 SYSTEMPATH\CodeIgniter.php(933): App\Controllers\FormController->saveAnak()
 7 SYSTEMPATH\CodeIgniter.php(509): CodeIgniter\CodeIgniter->runController()
 8 SYSTEMPATH\CodeIgniter.php(355): CodeIgniter\CodeIgniter->handleRequest()
 9 SYSTEMPATH\Boot.php(325): CodeIgniter\CodeIgniter->run()
10 SYSTEMPATH\Boot.php(67): CodeIgniter\Boot::runCodeIgniter()
11 FCPATH\index.php(56): CodeIgniter\Boot::bootWeb()
12 SYSTEMPATH\rewrite.php(44): require_once('C:\\xampp\\htdocs\\codeigniter4-novalnew\\public\\index.php')
CRITICAL - 2025-01-08 08:59:41 --> ErrorException: Undefined variable $alamat_sama_dengan_ortu
[Method: POST, Route: formulir/anak]
in APPPATH\Views\print_anak.php on line 132.
 1 APPPATH\Views\print_anak.php(132): CodeIgniter\Debug\Exceptions->errorHandler()
 2 SYSTEMPATH\View\View.php(234): include('C:\\xampp\\htdocs\\codeigniter4-novalnew\\app\\Views\\print_anak.php')
 3 SYSTEMPATH\View\View.php(237): CodeIgniter\View\View->CodeIgniter\View\{closure}()
 4 SYSTEMPATH\Common.php(1171): CodeIgniter\View\View->render()
 5 APPPATH\Controllers\FormController.php(100): view()
 6 SYSTEMPATH\CodeIgniter.php(933): App\Controllers\FormController->saveAnak()
 7 SYSTEMPATH\CodeIgniter.php(509): CodeIgniter\CodeIgniter->runController()
 8 SYSTEMPATH\CodeIgniter.php(355): CodeIgniter\CodeIgniter->handleRequest()
 9 SYSTEMPATH\Boot.php(325): CodeIgniter\CodeIgniter->run()
10 SYSTEMPATH\Boot.php(67): CodeIgniter\Boot::runCodeIgniter()
11 FCPATH\index.php(56): CodeIgniter\Boot::bootWeb()
12 SYSTEMPATH\rewrite.php(44): require_once('C:\\xampp\\htdocs\\codeigniter4-novalnew\\public\\index.php')
CRITICAL - 2025-01-08 09:05:39 --> ErrorException: Undefined variable $alamat_sama_dengan_ortu
[Method: POST, Route: formulir/anak]
in APPPATH\Views\print_anak.php on line 220.
 1 APPPATH\Views\print_anak.php(220): CodeIgniter\Debug\Exceptions->errorHandler()
 2 SYSTEMPATH\View\View.php(234): include('C:\\xampp\\htdocs\\codeigniter4-novalnew\\app\\Views\\print_anak.php')
 3 SYSTEMPATH\View\View.php(237): CodeIgniter\View\View->CodeIgniter\View\{closure}()
 4 SYSTEMPATH\Common.php(1171): CodeIgniter\View\View->render()
 5 APPPATH\Controllers\FormController.php(100): view()
 6 SYSTEMPATH\CodeIgniter.php(933): App\Controllers\FormController->saveAnak()
 7 SYSTEMPATH\CodeIgniter.php(509): CodeIgniter\CodeIgniter->runController()
 8 SYSTEMPATH\CodeIgniter.php(355): CodeIgniter\CodeIgniter->handleRequest()
 9 SYSTEMPATH\Boot.php(325): CodeIgniter\CodeIgniter->run()
10 SYSTEMPATH\Boot.php(67): CodeIgniter\Boot::runCodeIgniter()
11 FCPATH\index.php(56): CodeIgniter\Boot::bootWeb()
12 SYSTEMPATH\rewrite.php(44): require_once('C:\\xampp\\htdocs\\codeigniter4-novalnew\\public\\index.php')
